Nov 23, 2019 7:26:05 PM org.hibernate.Version logVersion
INFO: HHH000412: Hibernate Core {5.4.7.Final}
Nov 23, 2019 7:26:05 PM org.hibernate.annotations.common.reflection.java.JavaReflectionManager <clinit>
INFO: HCANN000001: Hibernate Commons Annotations {5.1.0.Final}
Nov 23, 2019 7:26:05 PM org.hibernate.engine.jdbc.connections.internal.DriverManagerConnectionProviderImpl configure
WARN: HHH10001002: Using Hibernate built-in connection pool (not for production use!)
Nov 23, 2019 7:26:05 PM org.hibernate.engine.jdbc.connections.internal.DriverManagerConnectionProviderImpl buildCreator
INFO: HHH10001005: using driver [com.mysql.jdbc.Driver] at URL [jdbc:mysql://localhost:3306/LayerPOSHib?createDatabaseIfNotExist=true]
Nov 23, 2019 7:26:05 PM org.hibernate.engine.jdbc.connections.internal.DriverManagerConnectionProviderImpl buildCreator
INFO: HHH10001001: Connection properties: {user=root, password=****}
Nov 23, 2019 7:26:05 PM org.hibernate.engine.jdbc.connections.internal.DriverManagerConnectionProviderImpl buildCreator
INFO: HHH10001003: Autocommit mode: false
Nov 23, 2019 7:26:05 PM org.hibernate.engine.jdbc.connections.internal.DriverManagerConnectionProviderImpl$PooledConnections <init>
INFO: HHH000115: Hibernate connection pool size: 20 (min=1)
Nov 23, 2019 7:26:06 PM org.hibernate.dialect.Dialect <init>
INFO: HHH000400: Using dialect: org.hibernate.dialect.MySQL57Dialect
Nov 23, 2019 7:26:06 PM org.hibernate.mapping.RootClass checkCompositeIdentifier
WARN: HHH000038: Composite-id class does not override equals(): lk.ijse.dep.pos.entity.OrderDetailPK
Nov 23, 2019 7:26:06 PM org.hibernate.mapping.RootClass checkCompositeIdentifier
WARN: HHH000039: Composite-id class does not override hashCode(): lk.ijse.dep.pos.entity.OrderDetailPK
Nov 23, 2019 7:26:06 PM org.hibernate.resource.transaction.backend.jdbc.internal.DdlTransactionIsolatorNonJtaImpl getIsolatedConnection
INFO: HHH10001501: Connection obtained from JdbcConnectionAccess [org.hibernate.engine.jdbc.env.internal.JdbcEnvironmentInitiator$ConnectionProviderJdbcConnectionAccess@50791721] for (non-JTA) DDL execution was not in auto-commit mode; the Connection 'local transaction' will be committed and the Connection will be set into auto-commit mode.
Nov 23, 2019 7:26:06 PM org.hibernate.engine.transaction.jta.platform.internal.JtaPlatformInitiator initiateService
INFO: HHH000490: Using JtaPlatform implementation: [org.hibernate.engine.transaction.jta.platform.internal.NoJtaPlatform]
Nov 23, 2019 7:26:11 PM org.hibernate.engine.jdbc.connections.internal.DriverManagerConnectionProviderImpl$PoolState stop
INFO: HHH10001008: Cleaning up connection pool [jdbc:mysql://localhost:3306/LayerPOSHib?createDatabaseIfNotExist=true]
Nov 26, 2019 1:00:22 AM org.hibernate.Version logVersion
INFO: HHH000412: Hibernate Core {5.4.7.Final}
Nov 26, 2019 1:00:22 AM org.hibernate.annotations.common.reflection.java.JavaReflectionManager <clinit>
INFO: HCANN000001: Hibernate Commons Annotations {5.1.0.Final}
Nov 26, 2019 1:00:22 AM org.hibernate.engine.jdbc.connections.internal.DriverManagerConnectionProviderImpl configure
WARN: HHH10001002: Using Hibernate built-in connection pool (not for production use!)
Nov 26, 2019 1:00:23 AM org.hibernate.engine.jdbc.connections.internal.DriverManagerConnectionProviderImpl buildCreator
INFO: HHH10001005: using driver [com.mysql.jdbc.Driver] at URL [jdbc:mysql://localhost:3306/LayerPOSHib?createDatabaseIfNotExist=true]
Nov 26, 2019 1:00:23 AM org.hibernate.engine.jdbc.connections.internal.DriverManagerConnectionProviderImpl buildCreator
INFO: HHH10001001: Connection properties: {user=root, password=****}
Nov 26, 2019 1:00:23 AM org.hibernate.engine.jdbc.connections.internal.DriverManagerConnectionProviderImpl buildCreator
INFO: HHH10001003: Autocommit mode: false
Nov 26, 2019 1:00:23 AM org.hibernate.engine.jdbc.connections.internal.DriverManagerConnectionProviderImpl$PooledConnections <init>
INFO: HHH000115: Hibernate connection pool size: 20 (min=1)
Nov 26, 2019 1:00:23 AM org.hibernate.dialect.Dialect <init>
INFO: HHH000400: Using dialect: org.hibernate.dialect.MySQL57Dialect
Nov 26, 2019 1:00:23 AM org.hibernate.mapping.RootClass checkCompositeIdentifier
WARN: HHH000038: Composite-id class does not override equals(): lk.ijse.dep.pos.entity.OrderDetailPK
Nov 26, 2019 1:00:23 AM org.hibernate.mapping.RootClass checkCompositeIdentifier
WARN: HHH000039: Composite-id class does not override hashCode(): lk.ijse.dep.pos.entity.OrderDetailPK
Nov 26, 2019 1:00:24 AM org.hibernate.resource.transaction.backend.jdbc.internal.DdlTransactionIsolatorNonJtaImpl getIsolatedConnection
INFO: HHH10001501: Connection obtained from JdbcConnectionAccess [org.hibernate.engine.jdbc.env.internal.JdbcEnvironmentInitiator$ConnectionProviderJdbcConnectionAccess@566b0fbe] for (non-JTA) DDL execution was not in auto-commit mode; the Connection 'local transaction' will be committed and the Connection will be set into auto-commit mode.
Nov 26, 2019 1:00:25 AM org.hibernate.tool.schema.internal.ExceptionHandlerLoggedImpl handleException
WARN: GenerationTarget encountered exception accepting command : Error executing DDL "alter table `order` add constraint FK8jk7dxl0uv951eccno7uav162 foreign key (customer_Id) references Customer (customerId)" via JDBC Statement
org.hibernate.tool.schema.spi.CommandAcceptanceException: Error executing DDL "alter table `order` add constraint FK8jk7dxl0uv951eccno7uav162 foreign key (customer_Id) references Customer (customerId)" via JDBC Statement
	at org.hibernate.tool.schema.internal.exec.GenerationTargetToDatabase.accept(GenerationTargetToDatabase.java:67)
	at org.hibernate.tool.schema.internal.AbstractSchemaMigrator.applySqlString(AbstractSchemaMigrator.java:559)
	at org.hibernate.tool.schema.internal.AbstractSchemaMigrator.applySqlStrings(AbstractSchemaMigrator.java:504)
	at org.hibernate.tool.schema.internal.AbstractSchemaMigrator.applyForeignKeys(AbstractSchemaMigrator.java:433)
	at org.hibernate.tool.schema.internal.AbstractSchemaMigrator.performMigration(AbstractSchemaMigrator.java:249)
	at org.hibernate.tool.schema.internal.AbstractSchemaMigrator.doMigration(AbstractSchemaMigrator.java:114)
	at org.hibernate.tool.schema.spi.SchemaManagementToolCoordinator.performDatabaseAction(SchemaManagementToolCoordinator.java:184)
	at org.hibernate.tool.schema.spi.SchemaManagementToolCoordinator.process(SchemaManagementToolCoordinator.java:73)
	at org.hibernate.internal.SessionFactoryImpl.<init>(SessionFactoryImpl.java:320)
	at org.hibernate.boot.internal.SessionFactoryBuilderImpl.build(SessionFactoryBuilderImpl.java:462)
	at lk.ijse.dep.pos.db.HibernateUtil.buildSessionFactory(HibernateUtil.java:69)
	at lk.ijse.dep.pos.db.HibernateUtil.<clinit>(HibernateUtil.java:23)
	at lk.ijse.dep.pos.business.custom.impl.CustomerBOImpl.findAllCustomers(CustomerBOImpl.java:58)
	at lk.ijse.dep.pos.controller.ManageCustomerFormController.initialize(ManageCustomerFormController.java:81)
	at javafx.fxml.FXMLLoader.loadImpl(FXMLLoader.java:2548)
	at javafx.fxml.FXMLLoader.loadImpl(FXMLLoader.java:2441)
	at javafx.fxml.FXMLLoader.loadImpl(FXMLLoader.java:3214)
	at javafx.fxml.FXMLLoader.loadImpl(FXMLLoader.java:3175)
	at javafx.fxml.FXMLLoader.loadImpl(FXMLLoader.java:3148)
	at javafx.fxml.FXMLLoader.loadImpl(FXMLLoader.java:3124)
	at javafx.fxml.FXMLLoader.loadImpl(FXMLLoader.java:3104)
	at javafx.fxml.FXMLLoader.load(FXMLLoader.java:3097)
	at lk.ijse.dep.pos.controller.MainFormController.navigate(MainFormController.java:131)
	at sun.reflect.NativeMethodAccessorImpl.invoke0(Native Method)
	at sun.reflect.NativeMethodAccessorImpl.invoke(NativeMethodAccessorImpl.java:62)
	at sun.reflect.DelegatingMethodAccessorImpl.invoke(DelegatingMethodAccessorImpl.java:43)
	at java.lang.reflect.Method.invoke(Method.java:498)
	at sun.reflect.misc.Trampoline.invoke(MethodUtil.java:71)
	at sun.reflect.GeneratedMethodAccessor1.invoke(Unknown Source)
	at sun.reflect.DelegatingMethodAccessorImpl.invoke(DelegatingMethodAccessorImpl.java:43)
	at java.lang.reflect.Method.invoke(Method.java:498)
	at sun.reflect.misc.MethodUtil.invoke(MethodUtil.java:275)
	at javafx.fxml.FXMLLoader$MethodHandler.invoke(FXMLLoader.java:1769)
	at javafx.fxml.FXMLLoader$ControllerMethodEventHandler.handle(FXMLLoader.java:1657)
	at com.sun.javafx.event.CompositeEventHandler.dispatchBubblingEvent(CompositeEventHandler.java:86)
	at com.sun.javafx.event.EventHandlerManager.dispatchBubblingEvent(EventHandlerManager.java:238)
	at com.sun.javafx.event.EventHandlerManager.dispatchBubblingEvent(EventHandlerManager.java:191)
	at com.sun.javafx.event.CompositeEventDispatcher.dispatchBubblingEvent(CompositeEventDispatcher.java:59)
	at com.sun.javafx.event.BasicEventDispatcher.dispatchEvent(BasicEventDispatcher.java:58)
	at com.sun.javafx.event.EventDispatchChainImpl.dispatchEvent(EventDispatchChainImpl.java:114)
	at com.sun.javafx.event.BasicEventDispatcher.dispatchEvent(BasicEventDispatcher.java:56)
	at com.sun.javafx.event.EventDispatchChainImpl.dispatchEvent(EventDispatchChainImpl.java:114)
	at com.sun.javafx.event.BasicEventDispatcher.dispatchEvent(BasicEventDispatcher.java:56)
	at com.sun.javafx.event.EventDispatchChainImpl.dispatchEvent(EventDispatchChainImpl.java:114)
	at com.sun.javafx.event.EventUtil.fireEventImpl(EventUtil.java:74)
	at com.sun.javafx.event.EventUtil.fireEvent(EventUtil.java:54)
	at javafx.event.Event.fireEvent(Event.java:198)
	at javafx.scene.Scene$ClickGenerator.postProcess(Scene.java:3470)
	at javafx.scene.Scene$ClickGenerator.access$8100(Scene.java:3398)
	at javafx.scene.Scene$MouseHandler.process(Scene.java:3766)
	at javafx.scene.Scene$MouseHandler.access$1500(Scene.java:3485)
	at javafx.scene.Scene.impl_processMouseEvent(Scene.java:1762)
	at javafx.scene.Scene$ScenePeerListener.mouseEvent(Scene.java:2494)
	at com.sun.javafx.tk.quantum.GlassViewEventHandler$MouseEventNotification.run(GlassViewEventHandler.java:394)
	at com.sun.javafx.tk.quantum.GlassViewEventHandler$MouseEventNotification.run(GlassViewEventHandler.java:295)
	at java.security.AccessController.doPrivileged(Native Method)
	at com.sun.javafx.tk.quantum.GlassViewEventHandler.lambda$handleMouseEvent$2(GlassViewEventHandler.java:432)
	at com.sun.javafx.tk.quantum.QuantumToolkit.runWithoutRenderLock(QuantumToolkit.java:410)
	at com.sun.javafx.tk.quantum.GlassViewEventHandler.handleMouseEvent(GlassViewEventHandler.java:431)
	at com.sun.glass.ui.View.handleMouseEvent(View.java:555)
	at com.sun.glass.ui.View.notifyMouse(View.java:937)
	at com.sun.glass.ui.gtk.GtkApplication._runLoop(Native Method)
	at com.sun.glass.ui.gtk.GtkApplication.lambda$null$10(GtkApplication.java:245)
	at java.lang.Thread.run(Thread.java:748)
Caused by: com.mysql.jdbc.exceptions.jdbc4.MySQLIntegrityConstraintViolationException: Cannot add or update a child row: a foreign key constraint fails (`LayerPOSHib`.`#sql-373_63`, CONSTRAINT `FK8jk7dxl0uv951eccno7uav162` FOREIGN KEY (`customer_Id`) REFERENCES `Customer` (`customerId`))
	at sun.reflect.NativeConstructorAccessorImpl.newInstance0(Native Method)
	at sun.reflect.NativeConstructorAccessorImpl.newInstance(NativeConstructorAccessorImpl.java:62)
	at sun.reflect.DelegatingConstructorAccessorImpl.newInstance(DelegatingConstructorAccessorImpl.java:45)
	at java.lang.reflect.Constructor.newInstance(Constructor.java:423)
	at com.mysql.jdbc.Util.handleNewInstance(Util.java:425)
	at com.mysql.jdbc.Util.getInstance(Util.java:408)
	at com.mysql.jdbc.SQLError.createSQLException(SQLError.java:936)
	at com.mysql.jdbc.MysqlIO.checkErrorPacket(MysqlIO.java:3976)
	at com.mysql.jdbc.MysqlIO.checkErrorPacket(MysqlIO.java:3912)
	at com.mysql.jdbc.MysqlIO.sendCommand(MysqlIO.java:2530)
	at com.mysql.jdbc.MysqlIO.sqlQueryDirect(MysqlIO.java:2683)
	at com.mysql.jdbc.ConnectionImpl.execSQL(ConnectionImpl.java:2482)
	at com.mysql.jdbc.ConnectionImpl.execSQL(ConnectionImpl.java:2440)
	at com.mysql.jdbc.StatementImpl.executeInternal(StatementImpl.java:845)
	at com.mysql.jdbc.StatementImpl.execute(StatementImpl.java:745)
	at org.hibernate.tool.schema.internal.exec.GenerationTargetToDatabase.accept(GenerationTargetToDatabase.java:54)
	... 63 more

Nov 26, 2019 1:00:27 AM org.hibernate.engine.transaction.jta.platform.internal.JtaPlatformInitiator initiateService
INFO: HHH000490: Using JtaPlatform implementation: [org.hibernate.engine.transaction.jta.platform.internal.NoJtaPlatform]
Nov 26, 2019 1:04:31 AM org.hibernate.Version logVersion
INFO: HHH000412: Hibernate Core {5.4.7.Final}
Nov 26, 2019 1:04:32 AM org.hibernate.annotations.common.reflection.java.JavaReflectionManager <clinit>
INFO: HCANN000001: Hibernate Commons Annotations {5.1.0.Final}
Nov 26, 2019 1:04:32 AM org.hibernate.engine.jdbc.connections.internal.DriverManagerConnectionProviderImpl configure
WARN: HHH10001002: Using Hibernate built-in connection pool (not for production use!)
Nov 26, 2019 1:04:32 AM org.hibernate.engine.jdbc.connections.internal.DriverManagerConnectionProviderImpl buildCreator
INFO: HHH10001005: using driver [com.mysql.jdbc.Driver] at URL [jdbc:mysql://localhost:3306/LayerPOSHib?createDatabaseIfNotExist=true]
Nov 26, 2019 1:04:32 AM org.hibernate.engine.jdbc.connections.internal.DriverManagerConnectionProviderImpl buildCreator
INFO: HHH10001001: Connection properties: {user=root, password=****}
Nov 26, 2019 1:04:32 AM org.hibernate.engine.jdbc.connections.internal.DriverManagerConnectionProviderImpl buildCreator
INFO: HHH10001003: Autocommit mode: false
Nov 26, 2019 1:04:32 AM org.hibernate.engine.jdbc.connections.internal.DriverManagerConnectionProviderImpl$PooledConnections <init>
INFO: HHH000115: Hibernate connection pool size: 20 (min=1)
Nov 26, 2019 1:04:32 AM org.hibernate.dialect.Dialect <init>
INFO: HHH000400: Using dialect: org.hibernate.dialect.MySQL57Dialect
Nov 26, 2019 1:04:32 AM org.hibernate.mapping.RootClass checkCompositeIdentifier
WARN: HHH000038: Composite-id class does not override equals(): lk.ijse.dep.pos.entity.OrderDetailPK
Nov 26, 2019 1:04:32 AM org.hibernate.mapping.RootClass checkCompositeIdentifier
WARN: HHH000039: Composite-id class does not override hashCode(): lk.ijse.dep.pos.entity.OrderDetailPK
Nov 26, 2019 1:04:33 AM org.hibernate.resource.transaction.backend.jdbc.internal.DdlTransactionIsolatorNonJtaImpl getIsolatedConnection
INFO: HHH10001501: Connection obtained from JdbcConnectionAccess [org.hibernate.engine.jdbc.env.internal.JdbcEnvironmentInitiator$ConnectionProviderJdbcConnectionAccess@641bb208] for (non-JTA) DDL execution was not in auto-commit mode; the Connection 'local transaction' will be committed and the Connection will be set into auto-commit mode.
Nov 26, 2019 1:04:36 AM org.hibernate.engine.transaction.jta.platform.internal.JtaPlatformInitiator initiateService
INFO: HHH000490: Using JtaPlatform implementation: [org.hibernate.engine.transaction.jta.platform.internal.NoJtaPlatform]
Nov 26, 2019 1:06:39 AM org.hibernate.engine.jdbc.spi.SqlExceptionHelper logExceptions
WARN: SQL Error: 1146, SQLState: 42S02
Nov 26, 2019 1:06:39 AM org.hibernate.engine.jdbc.spi.SqlExceptionHelper logExceptions
ERROR: Table 'LayerPOSHib.Order' doesn't exist
Nov 26, 2019 1:06:39 AM lk.ijse.dep.pos.controller.ManageCustomerFormController btnDelete_OnAction
SEVERE: null
javax.persistence.PersistenceException: org.hibernate.exception.SQLGrammarException: could not extract ResultSet
	at org.hibernate.internal.ExceptionConverterImpl.convert(ExceptionConverterImpl.java:154)
	at org.hibernate.query.internal.AbstractProducedQuery.list(AbstractProducedQuery.java:1535)
	at org.hibernate.query.internal.AbstractProducedQuery.uniqueResult(AbstractProducedQuery.java:1568)
	at lk.ijse.dep.pos.dao.custom.impl.OrderDAOImpl.existsByCustomerId(OrderDAOImpl.java:22)
	at lk.ijse.dep.pos.business.custom.impl.CustomerBOImpl.deleteCustomer(CustomerBOImpl.java:48)
	at lk.ijse.dep.pos.controller.ManageCustomerFormController.btnDelete_OnAction(ManageCustomerFormController.java:186)
	at sun.reflect.NativeMethodAccessorImpl.invoke0(Native Method)
	at sun.reflect.NativeMethodAccessorImpl.invoke(NativeMethodAccessorImpl.java:62)
	at sun.reflect.DelegatingMethodAccessorImpl.invoke(DelegatingMethodAccessorImpl.java:43)
	at java.lang.reflect.Method.invoke(Method.java:498)
	at sun.reflect.misc.Trampoline.invoke(MethodUtil.java:71)
	at sun.reflect.GeneratedMethodAccessor1.invoke(Unknown Source)
	at sun.reflect.DelegatingMethodAccessorImpl.invoke(DelegatingMethodAccessorImpl.java:43)
	at java.lang.reflect.Method.invoke(Method.java:498)
	at sun.reflect.misc.MethodUtil.invoke(MethodUtil.java:275)
	at javafx.fxml.FXMLLoader$MethodHandler.invoke(FXMLLoader.java:1769)
	at javafx.fxml.FXMLLoader$ControllerMethodEventHandler.handle(FXMLLoader.java:1657)
	at com.sun.javafx.event.CompositeEventHandler.dispatchBubblingEvent(CompositeEventHandler.java:86)
	at com.sun.javafx.event.EventHandlerManager.dispatchBubblingEvent(EventHandlerManager.java:238)
	at com.sun.javafx.event.EventHandlerManager.dispatchBubblingEvent(EventHandlerManager.java:191)
	at com.sun.javafx.event.CompositeEventDispatcher.dispatchBubblingEvent(CompositeEventDispatcher.java:59)
	at com.sun.javafx.event.BasicEventDispatcher.dispatchEvent(BasicEventDispatcher.java:58)
	at com.sun.javafx.event.EventDispatchChainImpl.dispatchEvent(EventDispatchChainImpl.java:114)
	at com.sun.javafx.event.BasicEventDispatcher.dispatchEvent(BasicEventDispatcher.java:56)
	at com.sun.javafx.event.EventDispatchChainImpl.dispatchEvent(EventDispatchChainImpl.java:114)
	at com.sun.javafx.event.BasicEventDispatcher.dispatchEvent(BasicEventDispatcher.java:56)
	at com.sun.javafx.event.EventDispatchChainImpl.dispatchEvent(EventDispatchChainImpl.java:114)
	at com.sun.javafx.event.EventUtil.fireEventImpl(EventUtil.java:74)
	at com.sun.javafx.event.EventUtil.fireEvent(EventUtil.java:49)
	at javafx.event.Event.fireEvent(Event.java:198)
	at javafx.scene.Node.fireEvent(Node.java:8411)
	at javafx.scene.control.Button.fire(Button.java:185)
	at com.sun.javafx.scene.control.behavior.ButtonBehavior.mouseReleased(ButtonBehavior.java:182)
	at com.sun.javafx.scene.control.skin.BehaviorSkinBase$1.handle(BehaviorSkinBase.java:96)
	at com.sun.javafx.scene.control.skin.BehaviorSkinBase$1.handle(BehaviorSkinBase.java:89)
	at com.sun.javafx.event.CompositeEventHandler$NormalEventHandlerRecord.handleBubblingEvent(CompositeEventHandler.java:218)
	at com.sun.javafx.event.CompositeEventHandler.dispatchBubblingEvent(CompositeEventHandler.java:80)
	at com.sun.javafx.event.EventHandlerManager.dispatchBubblingEvent(EventHandlerManager.java:238)
	at com.sun.javafx.event.EventHandlerManager.dispatchBubblingEvent(EventHandlerManager.java:191)
	at com.sun.javafx.event.CompositeEventDispatcher.dispatchBubblingEvent(CompositeEventDispatcher.java:59)
	at com.sun.javafx.event.BasicEventDispatcher.dispatchEvent(BasicEventDispatcher.java:58)
	at com.sun.javafx.event.EventDispatchChainImpl.dispatchEvent(EventDispatchChainImpl.java:114)
	at com.sun.javafx.event.BasicEventDispatcher.dispatchEvent(BasicEventDispatcher.java:56)
	at com.sun.javafx.event.EventDispatchChainImpl.dispatchEvent(EventDispatchChainImpl.java:114)
	at com.sun.javafx.event.BasicEventDispatcher.dispatchEvent(BasicEventDispatcher.java:56)
	at com.sun.javafx.event.EventDispatchChainImpl.dispatchEvent(EventDispatchChainImpl.java:114)
	at com.sun.javafx.event.EventUtil.fireEventImpl(EventUtil.java:74)
	at com.sun.javafx.event.EventUtil.fireEvent(EventUtil.java:54)
	at javafx.event.Event.fireEvent(Event.java:198)
	at javafx.scene.Scene$MouseHandler.process(Scene.java:3757)
	at javafx.scene.Scene$MouseHandler.access$1500(Scene.java:3485)
	at javafx.scene.Scene.impl_processMouseEvent(Scene.java:1762)
	at javafx.scene.Scene$ScenePeerListener.mouseEvent(Scene.java:2494)
	at com.sun.javafx.tk.quantum.GlassViewEventHandler$MouseEventNotification.run(GlassViewEventHandler.java:394)
	at com.sun.javafx.tk.quantum.GlassViewEventHandler$MouseEventNotification.run(GlassViewEventHandler.java:295)
	at java.security.AccessController.doPrivileged(Native Method)
	at com.sun.javafx.tk.quantum.GlassViewEventHandler.lambda$handleMouseEvent$2(GlassViewEventHandler.java:432)
	at com.sun.javafx.tk.quantum.QuantumToolkit.runWithoutRenderLock(QuantumToolkit.java:410)
	at com.sun.javafx.tk.quantum.GlassViewEventHandler.handleMouseEvent(GlassViewEventHandler.java:431)
	at com.sun.glass.ui.View.handleMouseEvent(View.java:555)
	at com.sun.glass.ui.View.notifyMouse(View.java:937)
	at com.sun.glass.ui.gtk.GtkApplication._runLoop(Native Method)
	at com.sun.glass.ui.gtk.GtkApplication.lambda$null$10(GtkApplication.java:245)
	at java.lang.Thread.run(Thread.java:748)
Caused by: org.hibernate.exception.SQLGrammarException: could not extract ResultSet
	at org.hibernate.exception.internal.SQLExceptionTypeDelegate.convert(SQLExceptionTypeDelegate.java:63)
	at org.hibernate.exception.internal.StandardSQLExceptionConverter.convert(StandardSQLExceptionConverter.java:42)
	at org.hibernate.engine.jdbc.spi.SqlExceptionHelper.convert(SqlExceptionHelper.java:113)
	at org.hibernate.engine.jdbc.spi.SqlExceptionHelper.convert(SqlExceptionHelper.java:99)
	at org.hibernate.engine.jdbc.internal.ResultSetReturnImpl.extract(ResultSetReturnImpl.java:67)
	at org.hibernate.loader.Loader.getResultSet(Loader.java:2292)
	at org.hibernate.loader.Loader.executeQueryStatement(Loader.java:2050)
	at org.hibernate.loader.Loader.executeQueryStatement(Loader.java:2012)
	at org.hibernate.loader.Loader.doQuery(Loader.java:953)
	at org.hibernate.loader.Loader.doQueryAndInitializeNonLazyCollections(Loader.java:354)
	at org.hibernate.loader.Loader.doList(Loader.java:2815)
	at org.hibernate.loader.Loader.doList(Loader.java:2797)
	at org.hibernate.loader.Loader.listIgnoreQueryCache(Loader.java:2629)
	at org.hibernate.loader.Loader.list(Loader.java:2624)
	at org.hibernate.loader.custom.CustomLoader.list(CustomLoader.java:338)
	at org.hibernate.internal.SessionImpl.listCustomQuery(SessionImpl.java:2123)
	at org.hibernate.internal.AbstractSharedSessionContract.list(AbstractSharedSessionContract.java:1134)
	at org.hibernate.query.internal.NativeQueryImpl.doList(NativeQueryImpl.java:173)
	at org.hibernate.query.internal.AbstractProducedQuery.list(AbstractProducedQuery.java:1526)
	... 62 more
Caused by: com.mysql.jdbc.exceptions.jdbc4.MySQLSyntaxErrorException: Table 'LayerPOSHib.Order' doesn't exist
	at sun.reflect.NativeConstructorAccessorImpl.newInstance0(Native Method)
	at sun.reflect.NativeConstructorAccessorImpl.newInstance(NativeConstructorAccessorImpl.java:62)
	at sun.reflect.DelegatingConstructorAccessorImpl.newInstance(DelegatingConstructorAccessorImpl.java:45)
	at java.lang.reflect.Constructor.newInstance(Constructor.java:423)
	at com.mysql.jdbc.Util.handleNewInstance(Util.java:425)
	at com.mysql.jdbc.Util.getInstance(Util.java:408)
	at com.mysql.jdbc.SQLError.createSQLException(SQLError.java:944)
	at com.mysql.jdbc.MysqlIO.checkErrorPacket(MysqlIO.java:3976)
	at com.mysql.jdbc.MysqlIO.checkErrorPacket(MysqlIO.java:3912)
	at com.mysql.jdbc.MysqlIO.sendCommand(MysqlIO.java:2530)
	at com.mysql.jdbc.MysqlIO.sqlQueryDirect(MysqlIO.java:2683)
	at com.mysql.jdbc.ConnectionImpl.execSQL(ConnectionImpl.java:2486)
	at com.mysql.jdbc.PreparedStatement.executeInternal(PreparedStatement.java:1858)
	at com.mysql.jdbc.PreparedStatement.executeQuery(PreparedStatement.java:1966)
	at org.hibernate.engine.jdbc.internal.ResultSetReturnImpl.extract(ResultSetReturnImpl.java:57)
	... 76 more

Nov 26, 2019 1:15:07 AM org.hibernate.Version logVersion
INFO: HHH000412: Hibernate Core {5.4.7.Final}
Nov 26, 2019 1:15:07 AM org.hibernate.annotations.common.reflection.java.JavaReflectionManager <clinit>
INFO: HCANN000001: Hibernate Commons Annotations {5.1.0.Final}
Nov 26, 2019 1:15:07 AM org.hibernate.engine.jdbc.connections.internal.DriverManagerConnectionProviderImpl configure
WARN: HHH10001002: Using Hibernate built-in connection pool (not for production use!)
Nov 26, 2019 1:15:07 AM org.hibernate.engine.jdbc.connections.internal.DriverManagerConnectionProviderImpl buildCreator
INFO: HHH10001005: using driver [com.mysql.jdbc.Driver] at URL [jdbc:mysql://localhost:3306/LayerPOSHib?createDatabaseIfNotExist=true]
Nov 26, 2019 1:15:07 AM org.hibernate.engine.jdbc.connections.internal.DriverManagerConnectionProviderImpl buildCreator
INFO: HHH10001001: Connection properties: {user=root, password=****}
Nov 26, 2019 1:15:07 AM org.hibernate.engine.jdbc.connections.internal.DriverManagerConnectionProviderImpl buildCreator
INFO: HHH10001003: Autocommit mode: false
Nov 26, 2019 1:15:07 AM org.hibernate.engine.jdbc.connections.internal.DriverManagerConnectionProviderImpl$PooledConnections <init>
INFO: HHH000115: Hibernate connection pool size: 20 (min=1)
Nov 26, 2019 1:15:07 AM org.hibernate.dialect.Dialect <init>
INFO: HHH000400: Using dialect: org.hibernate.dialect.MySQL57Dialect
Nov 26, 2019 1:15:08 AM org.hibernate.mapping.RootClass checkCompositeIdentifier
WARN: HHH000038: Composite-id class does not override equals(): lk.ijse.dep.pos.entity.OrderDetailPK
Nov 26, 2019 1:15:08 AM org.hibernate.mapping.RootClass checkCompositeIdentifier
WARN: HHH000039: Composite-id class does not override hashCode(): lk.ijse.dep.pos.entity.OrderDetailPK
Nov 26, 2019 1:15:08 AM org.hibernate.resource.transaction.backend.jdbc.internal.DdlTransactionIsolatorNonJtaImpl getIsolatedConnection
INFO: HHH10001501: Connection obtained from JdbcConnectionAccess [org.hibernate.engine.jdbc.env.internal.JdbcEnvironmentInitiator$ConnectionProviderJdbcConnectionAccess@6b5f7777] for (non-JTA) DDL execution was not in auto-commit mode; the Connection 'local transaction' will be committed and the Connection will be set into auto-commit mode.
Nov 26, 2019 1:15:12 AM org.hibernate.engine.transaction.jta.platform.internal.JtaPlatformInitiator initiateService
INFO: HHH000490: Using JtaPlatform implementation: [org.hibernate.engine.transaction.jta.platform.internal.NoJtaPlatform]
Nov 26, 2019 1:17:46 AM org.springframework.beans.factory.xml.XmlBeanDefinitionReader loadBeanDefinitions
INFO: Loading XML bean definitions from URL [jar:file:/home/alisa/Music/layered-pos-hibernate/lib/jasperreports-chart-themes-6.9.0.jar!/net/sf/jasperreports/chartthemes/spring/beans/chartThemesBeans.xml]
Nov 26, 2019 1:17:46 AM org.springframework.beans.factory.xml.XmlBeanDefinitionReader loadBeanDefinitions
INFO: Loading XML bean definitions from URL [jar:file:/home/alisa/Music/layered-pos-hibernate/lib/jasperreports-chart-themes-6.9.0.jar!/net/sf/jasperreports/chartthemes/spring/beans/chartConstantsBean.xml]
Nov 26, 2019 1:17:46 AM org.springframework.beans.factory.xml.XmlBeanDefinitionReader loadBeanDefinitions
INFO: Loading XML bean definitions from URL [jar:file:/home/alisa/Music/layered-pos-hibernate/lib/jasperreports-chart-themes-6.9.0.jar!/net/sf/jasperreports/chartthemes/spring/beans/defaultChartPropertiesBean.xml]
Nov 26, 2019 1:17:46 AM org.springframework.beans.factory.xml.XmlBeanDefinitionReader loadBeanDefinitions
INFO: Loading XML bean definitions from URL [jar:file:/home/alisa/Music/layered-pos-hibernate/lib/jasperreports-chart-themes-6.9.0.jar!/net/sf/jasperreports/chartthemes/spring/beans/eyeCandySixtiesChartPropertiesBean.xml]
Nov 26, 2019 1:17:46 AM org.springframework.beans.factory.xml.XmlBeanDefinitionReader loadBeanDefinitions
INFO: Loading XML bean definitions from URL [jar:file:/home/alisa/Music/layered-pos-hibernate/lib/jasperreports-chart-themes-6.9.0.jar!/net/sf/jasperreports/chartthemes/spring/beans/aegeanChartPropertiesBean.xml]
Nov 26, 2019 1:17:47 AM net.sf.jasperreports.extensions.DefaultExtensionsRegistry loadRegistries
WARNING: Extension resource jar:file:/home/alisa/Music/layered-pos-hibernate/lib/jasperreports-javaflow-6.9.0%20(1).jar!/jasperreports_extension.properties was found to be a duplicate of jar:file:/home/alisa/Music/layered-pos-hibernate/lib/jasperreports-6.9.0.jar!/jasperreports_extension.properties in classloader sun.misc.Launcher$AppClassLoader@18b4aac2
Nov 26, 2019 1:30:30 AM org.hibernate.Version logVersion
INFO: HHH000412: Hibernate Core {5.4.7.Final}
Nov 26, 2019 1:30:30 AM org.hibernate.annotations.common.reflection.java.JavaReflectionManager <clinit>
INFO: HCANN000001: Hibernate Commons Annotations {5.1.0.Final}
Nov 26, 2019 1:30:31 AM org.hibernate.engine.jdbc.connections.internal.DriverManagerConnectionProviderImpl configure
WARN: HHH10001002: Using Hibernate built-in connection pool (not for production use!)
Nov 26, 2019 1:30:31 AM org.hibernate.engine.jdbc.connections.internal.DriverManagerConnectionProviderImpl buildCreator
INFO: HHH10001005: using driver [com.mysql.jdbc.Driver] at URL [jdbc:mysql://localhost:3306/LayerPOSHib?createDatabaseIfNotExist=true]
Nov 26, 2019 1:30:31 AM org.hibernate.engine.jdbc.connections.internal.DriverManagerConnectionProviderImpl buildCreator
INFO: HHH10001001: Connection properties: {user=root, password=****}
Nov 26, 2019 1:30:31 AM org.hibernate.engine.jdbc.connections.internal.DriverManagerConnectionProviderImpl buildCreator
INFO: HHH10001003: Autocommit mode: false
Nov 26, 2019 1:30:31 AM org.hibernate.engine.jdbc.connections.internal.DriverManagerConnectionProviderImpl$PooledConnections <init>
INFO: HHH000115: Hibernate connection pool size: 20 (min=1)
Nov 26, 2019 1:30:31 AM org.hibernate.dialect.Dialect <init>
INFO: HHH000400: Using dialect: org.hibernate.dialect.MySQL57Dialect
Nov 26, 2019 1:30:31 AM org.hibernate.mapping.RootClass checkCompositeIdentifier
WARN: HHH000038: Composite-id class does not override equals(): lk.ijse.dep.pos.entity.OrderDetailPK
Nov 26, 2019 1:30:31 AM org.hibernate.mapping.RootClass checkCompositeIdentifier
WARN: HHH000039: Composite-id class does not override hashCode(): lk.ijse.dep.pos.entity.OrderDetailPK
Nov 26, 2019 1:30:32 AM org.hibernate.resource.transaction.backend.jdbc.internal.DdlTransactionIsolatorNonJtaImpl getIsolatedConnection
INFO: HHH10001501: Connection obtained from JdbcConnectionAccess [org.hibernate.engine.jdbc.env.internal.JdbcEnvironmentInitiator$ConnectionProviderJdbcConnectionAccess@11ab6b66] for (non-JTA) DDL execution was not in auto-commit mode; the Connection 'local transaction' will be committed and the Connection will be set into auto-commit mode.
Nov 26, 2019 1:30:32 AM org.hibernate.engine.transaction.jta.platform.internal.JtaPlatformInitiator initiateService
INFO: HHH000490: Using JtaPlatform implementation: [org.hibernate.engine.transaction.jta.platform.internal.NoJtaPlatform]
Nov 26, 2019 1:30:45 AM org.springframework.beans.factory.xml.XmlBeanDefinitionReader loadBeanDefinitions
INFO: Loading XML bean definitions from URL [jar:file:/home/alisa/Music/layered-pos-hibernate/lib/jasperreports-chart-themes-6.9.0.jar!/net/sf/jasperreports/chartthemes/spring/beans/chartThemesBeans.xml]
Nov 26, 2019 1:30:45 AM org.springframework.beans.factory.xml.XmlBeanDefinitionReader loadBeanDefinitions
INFO: Loading XML bean definitions from URL [jar:file:/home/alisa/Music/layered-pos-hibernate/lib/jasperreports-chart-themes-6.9.0.jar!/net/sf/jasperreports/chartthemes/spring/beans/chartConstantsBean.xml]
Nov 26, 2019 1:30:45 AM org.springframework.beans.factory.xml.XmlBeanDefinitionReader loadBeanDefinitions
INFO: Loading XML bean definitions from URL [jar:file:/home/alisa/Music/layered-pos-hibernate/lib/jasperreports-chart-themes-6.9.0.jar!/net/sf/jasperreports/chartthemes/spring/beans/defaultChartPropertiesBean.xml]
Nov 26, 2019 1:30:45 AM org.springframework.beans.factory.xml.XmlBeanDefinitionReader loadBeanDefinitions
INFO: Loading XML bean definitions from URL [jar:file:/home/alisa/Music/layered-pos-hibernate/lib/jasperreports-chart-themes-6.9.0.jar!/net/sf/jasperreports/chartthemes/spring/beans/eyeCandySixtiesChartPropertiesBean.xml]
Nov 26, 2019 1:30:45 AM org.springframework.beans.factory.xml.XmlBeanDefinitionReader loadBeanDefinitions
INFO: Loading XML bean definitions from URL [jar:file:/home/alisa/Music/layered-pos-hibernate/lib/jasperreports-chart-themes-6.9.0.jar!/net/sf/jasperreports/chartthemes/spring/beans/aegeanChartPropertiesBean.xml]
Nov 26, 2019 1:30:45 AM net.sf.jasperreports.extensions.DefaultExtensionsRegistry loadRegistries
WARNING: Extension resource jar:file:/home/alisa/Music/layered-pos-hibernate/lib/jasperreports-javaflow-6.9.0%20(1).jar!/jasperreports_extension.properties was found to be a duplicate of jar:file:/home/alisa/Music/layered-pos-hibernate/lib/jasperreports-6.9.0.jar!/jasperreports_extension.properties in classloader sun.misc.Launcher$AppClassLoader@18b4aac2
Nov 26, 2019 1:32:12 AM org.hibernate.Version logVersion
INFO: HHH000412: Hibernate Core {5.4.7.Final}
Nov 26, 2019 1:32:12 AM org.hibernate.annotations.common.reflection.java.JavaReflectionManager <clinit>
INFO: HCANN000001: Hibernate Commons Annotations {5.1.0.Final}
Nov 26, 2019 1:32:12 AM org.hibernate.engine.jdbc.connections.internal.DriverManagerConnectionProviderImpl configure
WARN: HHH10001002: Using Hibernate built-in connection pool (not for production use!)
Nov 26, 2019 1:32:12 AM org.hibernate.engine.jdbc.connections.internal.DriverManagerConnectionProviderImpl buildCreator
INFO: HHH10001005: using driver [com.mysql.jdbc.Driver] at URL [jdbc:mysql://localhost:3306/LayerPOSHib?createDatabaseIfNotExist=true]
Nov 26, 2019 1:32:12 AM org.hibernate.engine.jdbc.connections.internal.DriverManagerConnectionProviderImpl buildCreator
INFO: HHH10001001: Connection properties: {user=root, password=****}
Nov 26, 2019 1:32:12 AM org.hibernate.engine.jdbc.connections.internal.DriverManagerConnectionProviderImpl buildCreator
INFO: HHH10001003: Autocommit mode: false
Nov 26, 2019 1:32:12 AM org.hibernate.engine.jdbc.connections.internal.DriverManagerConnectionProviderImpl$PooledConnections <init>
INFO: HHH000115: Hibernate connection pool size: 20 (min=1)
Nov 26, 2019 1:32:13 AM org.hibernate.dialect.Dialect <init>
INFO: HHH000400: Using dialect: org.hibernate.dialect.MySQL57Dialect
Nov 26, 2019 1:32:13 AM org.hibernate.mapping.RootClass checkCompositeIdentifier
WARN: HHH000038: Composite-id class does not override equals(): lk.ijse.dep.pos.entity.OrderDetailPK
Nov 26, 2019 1:32:13 AM org.hibernate.mapping.RootClass checkCompositeIdentifier
WARN: HHH000039: Composite-id class does not override hashCode(): lk.ijse.dep.pos.entity.OrderDetailPK
Nov 26, 2019 1:32:14 AM org.hibernate.resource.transaction.backend.jdbc.internal.DdlTransactionIsolatorNonJtaImpl getIsolatedConnection
INFO: HHH10001501: Connection obtained from JdbcConnectionAccess [org.hibernate.engine.jdbc.env.internal.JdbcEnvironmentInitiator$ConnectionProviderJdbcConnectionAccess@41aee26e] for (non-JTA) DDL execution was not in auto-commit mode; the Connection 'local transaction' will be committed and the Connection will be set into auto-commit mode.
Nov 26, 2019 1:32:14 AM org.hibernate.engine.transaction.jta.platform.internal.JtaPlatformInitiator initiateService
INFO: HHH000490: Using JtaPlatform implementation: [org.hibernate.engine.transaction.jta.platform.internal.NoJtaPlatform]
Nov 26, 2019 1:32:29 AM org.springframework.beans.factory.xml.XmlBeanDefinitionReader loadBeanDefinitions
INFO: Loading XML bean definitions from URL [jar:file:/home/alisa/Music/layered-pos-hibernate/lib/jasperreports-chart-themes-6.9.0.jar!/net/sf/jasperreports/chartthemes/spring/beans/chartThemesBeans.xml]
Nov 26, 2019 1:32:29 AM org.springframework.beans.factory.xml.XmlBeanDefinitionReader loadBeanDefinitions
INFO: Loading XML bean definitions from URL [jar:file:/home/alisa/Music/layered-pos-hibernate/lib/jasperreports-chart-themes-6.9.0.jar!/net/sf/jasperreports/chartthemes/spring/beans/chartConstantsBean.xml]
Nov 26, 2019 1:32:29 AM org.springframework.beans.factory.xml.XmlBeanDefinitionReader loadBeanDefinitions
INFO: Loading XML bean definitions from URL [jar:file:/home/alisa/Music/layered-pos-hibernate/lib/jasperreports-chart-themes-6.9.0.jar!/net/sf/jasperreports/chartthemes/spring/beans/defaultChartPropertiesBean.xml]
Nov 26, 2019 1:32:29 AM org.springframework.beans.factory.xml.XmlBeanDefinitionReader loadBeanDefinitions
INFO: Loading XML bean definitions from URL [jar:file:/home/alisa/Music/layered-pos-hibernate/lib/jasperreports-chart-themes-6.9.0.jar!/net/sf/jasperreports/chartthemes/spring/beans/eyeCandySixtiesChartPropertiesBean.xml]
Nov 26, 2019 1:32:29 AM org.springframework.beans.factory.xml.XmlBeanDefinitionReader loadBeanDefinitions
INFO: Loading XML bean definitions from URL [jar:file:/home/alisa/Music/layered-pos-hibernate/lib/jasperreports-chart-themes-6.9.0.jar!/net/sf/jasperreports/chartthemes/spring/beans/aegeanChartPropertiesBean.xml]
Nov 26, 2019 1:32:29 AM net.sf.jasperreports.extensions.DefaultExtensionsRegistry loadRegistries
WARNING: Extension resource jar:file:/home/alisa/Music/layered-pos-hibernate/lib/jasperreports-javaflow-6.9.0%20(1).jar!/jasperreports_extension.properties was found to be a duplicate of jar:file:/home/alisa/Music/layered-pos-hibernate/lib/jasperreports-6.9.0.jar!/jasperreports_extension.properties in classloader sun.misc.Launcher$AppClassLoader@18b4aac2
Nov 26, 2019 7:26:12 AM org.hibernate.Version logVersion
INFO: HHH000412: Hibernate Core {5.4.7.Final}
Nov 26, 2019 7:26:12 AM org.hibernate.annotations.common.reflection.java.JavaReflectionManager <clinit>
INFO: HCANN000001: Hibernate Commons Annotations {5.1.0.Final}
Nov 26, 2019 7:26:13 AM org.hibernate.engine.jdbc.connections.internal.DriverManagerConnectionProviderImpl configure
WARN: HHH10001002: Using Hibernate built-in connection pool (not for production use!)
Nov 26, 2019 7:26:13 AM org.hibernate.engine.jdbc.connections.internal.DriverManagerConnectionProviderImpl buildCreator
INFO: HHH10001005: using driver [com.mysql.jdbc.Driver] at URL [jdbc:mysql://localhost:3306/LayerPOSHib?createDatabaseIfNotExist=true]
Nov 26, 2019 7:26:13 AM org.hibernate.engine.jdbc.connections.internal.DriverManagerConnectionProviderImpl buildCreator
INFO: HHH10001001: Connection properties: {user=root, password=****}
Nov 26, 2019 7:26:13 AM org.hibernate.engine.jdbc.connections.internal.DriverManagerConnectionProviderImpl buildCreator
INFO: HHH10001003: Autocommit mode: false
Nov 26, 2019 7:26:13 AM org.hibernate.engine.jdbc.connections.internal.DriverManagerConnectionProviderImpl$PooledConnections <init>
INFO: HHH000115: Hibernate connection pool size: 20 (min=1)
Nov 26, 2019 7:26:13 AM org.hibernate.dialect.Dialect <init>
INFO: HHH000400: Using dialect: org.hibernate.dialect.MySQL57Dialect
Nov 26, 2019 7:26:13 AM org.hibernate.mapping.RootClass checkCompositeIdentifier
WARN: HHH000038: Composite-id class does not override equals(): lk.ijse.dep.pos.entity.OrderDetailPK
Nov 26, 2019 7:26:13 AM org.hibernate.mapping.RootClass checkCompositeIdentifier
WARN: HHH000039: Composite-id class does not override hashCode(): lk.ijse.dep.pos.entity.OrderDetailPK
Nov 26, 2019 7:26:14 AM org.hibernate.resource.transaction.backend.jdbc.internal.DdlTransactionIsolatorNonJtaImpl getIsolatedConnection
INFO: HHH10001501: Connection obtained from JdbcConnectionAccess [org.hibernate.engine.jdbc.env.internal.JdbcEnvironmentInitiator$ConnectionProviderJdbcConnectionAccess@550bc128] for (non-JTA) DDL execution was not in auto-commit mode; the Connection 'local transaction' will be committed and the Connection will be set into auto-commit mode.
Nov 26, 2019 7:26:14 AM org.hibernate.engine.transaction.jta.platform.internal.JtaPlatformInitiator initiateService
INFO: HHH000490: Using JtaPlatform implementation: [org.hibernate.engine.transaction.jta.platform.internal.NoJtaPlatform]
Nov 26, 2019 7:26:37 AM org.springframework.beans.factory.xml.XmlBeanDefinitionReader loadBeanDefinitions
INFO: Loading XML bean definitions from URL [jar:file:/home/alisa/Music/layered-pos-hibernate/lib/jasperreports-chart-themes-6.9.0.jar!/net/sf/jasperreports/chartthemes/spring/beans/chartThemesBeans.xml]
Nov 26, 2019 7:26:37 AM org.springframework.beans.factory.xml.XmlBeanDefinitionReader loadBeanDefinitions
INFO: Loading XML bean definitions from URL [jar:file:/home/alisa/Music/layered-pos-hibernate/lib/jasperreports-chart-themes-6.9.0.jar!/net/sf/jasperreports/chartthemes/spring/beans/chartConstantsBean.xml]
Nov 26, 2019 7:26:37 AM org.springframework.beans.factory.xml.XmlBeanDefinitionReader loadBeanDefinitions
INFO: Loading XML bean definitions from URL [jar:file:/home/alisa/Music/layered-pos-hibernate/lib/jasperreports-chart-themes-6.9.0.jar!/net/sf/jasperreports/chartthemes/spring/beans/defaultChartPropertiesBean.xml]
Nov 26, 2019 7:26:37 AM org.springframework.beans.factory.xml.XmlBeanDefinitionReader loadBeanDefinitions
INFO: Loading XML bean definitions from URL [jar:file:/home/alisa/Music/layered-pos-hibernate/lib/jasperreports-chart-themes-6.9.0.jar!/net/sf/jasperreports/chartthemes/spring/beans/eyeCandySixtiesChartPropertiesBean.xml]
Nov 26, 2019 7:26:37 AM org.springframework.beans.factory.xml.XmlBeanDefinitionReader loadBeanDefinitions
INFO: Loading XML bean definitions from URL [jar:file:/home/alisa/Music/layered-pos-hibernate/lib/jasperreports-chart-themes-6.9.0.jar!/net/sf/jasperreports/chartthemes/spring/beans/aegeanChartPropertiesBean.xml]
Nov 26, 2019 7:26:37 AM net.sf.jasperreports.extensions.DefaultExtensionsRegistry loadRegistries
WARNING: Extension resource jar:file:/home/alisa/Music/layered-pos-hibernate/lib/jasperreports-javaflow-6.9.0%20(1).jar!/jasperreports_extension.properties was found to be a duplicate of jar:file:/home/alisa/Music/layered-pos-hibernate/lib/jasperreports-6.9.0.jar!/jasperreports_extension.properties in classloader sun.misc.Launcher$AppClassLoader@18b4aac2
Nov 26, 2019 7:26:42 AM org.hibernate.engine.jdbc.connections.internal.DriverManagerConnectionProviderImpl$PoolState stop
INFO: HHH10001008: Cleaning up connection pool [jdbc:mysql://localhost:3306/LayerPOSHib?createDatabaseIfNotExist=true]
Nov 26, 2019 7:26:42 AM org.hibernate.engine.jdbc.connections.internal.DriverManagerConnectionProviderImpl$PooledConnections close
ERROR: Connection leak detected: there are 1 unclosed connections upon shutting down pool jdbc:mysql://localhost:3306/LayerPOSHib?createDatabaseIfNotExist=true
Nov 26, 2019 7:32:45 AM org.hibernate.Version logVersion
INFO: HHH000412: Hibernate Core {5.4.7.Final}
Nov 26, 2019 7:32:45 AM org.hibernate.annotations.common.reflection.java.JavaReflectionManager <clinit>
INFO: HCANN000001: Hibernate Commons Annotations {5.1.0.Final}
Nov 26, 2019 7:32:45 AM org.hibernate.engine.jdbc.connections.internal.DriverManagerConnectionProviderImpl configure
WARN: HHH10001002: Using Hibernate built-in connection pool (not for production use!)
Nov 26, 2019 7:32:45 AM org.hibernate.engine.jdbc.connections.internal.DriverManagerConnectionProviderImpl buildCreator
INFO: HHH10001005: using driver [com.mysql.jdbc.Driver] at URL [jdbc:mysql://localhost:3306/LayerPOSHib?createDatabaseIfNotExist=true]
Nov 26, 2019 7:32:45 AM org.hibernate.engine.jdbc.connections.internal.DriverManagerConnectionProviderImpl buildCreator
INFO: HHH10001001: Connection properties: {user=root, password=****}
Nov 26, 2019 7:32:45 AM org.hibernate.engine.jdbc.connections.internal.DriverManagerConnectionProviderImpl buildCreator
INFO: HHH10001003: Autocommit mode: false
Nov 26, 2019 7:32:45 AM org.hibernate.engine.jdbc.connections.internal.DriverManagerConnectionProviderImpl$PooledConnections <init>
INFO: HHH000115: Hibernate connection pool size: 20 (min=1)
Nov 26, 2019 7:32:45 AM org.hibernate.dialect.Dialect <init>
INFO: HHH000400: Using dialect: org.hibernate.dialect.MySQL57Dialect
Nov 26, 2019 7:32:46 AM org.hibernate.mapping.RootClass checkCompositeIdentifier
WARN: HHH000038: Composite-id class does not override equals(): lk.ijse.dep.pos.entity.OrderDetailPK
Nov 26, 2019 7:32:46 AM org.hibernate.mapping.RootClass checkCompositeIdentifier
WARN: HHH000039: Composite-id class does not override hashCode(): lk.ijse.dep.pos.entity.OrderDetailPK
Nov 26, 2019 7:32:46 AM org.hibernate.resource.transaction.backend.jdbc.internal.DdlTransactionIsolatorNonJtaImpl getIsolatedConnection
INFO: HHH10001501: Connection obtained from JdbcConnectionAccess [org.hibernate.engine.jdbc.env.internal.JdbcEnvironmentInitiator$ConnectionProviderJdbcConnectionAccess@355b804f] for (non-JTA) DDL execution was not in auto-commit mode; the Connection 'local transaction' will be committed and the Connection will be set into auto-commit mode.
Nov 26, 2019 7:32:46 AM org.hibernate.engine.transaction.jta.platform.internal.JtaPlatformInitiator initiateService
INFO: HHH000490: Using JtaPlatform implementation: [org.hibernate.engine.transaction.jta.platform.internal.NoJtaPlatform]
Nov 26, 2019 7:32:59 AM org.springframework.beans.factory.xml.XmlBeanDefinitionReader loadBeanDefinitions
INFO: Loading XML bean definitions from URL [jar:file:/home/alisa/Music/layered-pos-hibernate/lib/jasperreports-chart-themes-6.9.0.jar!/net/sf/jasperreports/chartthemes/spring/beans/chartThemesBeans.xml]
Nov 26, 2019 7:33:00 AM org.springframework.beans.factory.xml.XmlBeanDefinitionReader loadBeanDefinitions
INFO: Loading XML bean definitions from URL [jar:file:/home/alisa/Music/layered-pos-hibernate/lib/jasperreports-chart-themes-6.9.0.jar!/net/sf/jasperreports/chartthemes/spring/beans/chartConstantsBean.xml]
Nov 26, 2019 7:33:00 AM org.springframework.beans.factory.xml.XmlBeanDefinitionReader loadBeanDefinitions
INFO: Loading XML bean definitions from URL [jar:file:/home/alisa/Music/layered-pos-hibernate/lib/jasperreports-chart-themes-6.9.0.jar!/net/sf/jasperreports/chartthemes/spring/beans/defaultChartPropertiesBean.xml]
Nov 26, 2019 7:33:00 AM org.springframework.beans.factory.xml.XmlBeanDefinitionReader loadBeanDefinitions
INFO: Loading XML bean definitions from URL [jar:file:/home/alisa/Music/layered-pos-hibernate/lib/jasperreports-chart-themes-6.9.0.jar!/net/sf/jasperreports/chartthemes/spring/beans/eyeCandySixtiesChartPropertiesBean.xml]
Nov 26, 2019 7:33:00 AM org.springframework.beans.factory.xml.XmlBeanDefinitionReader loadBeanDefinitions
INFO: Loading XML bean definitions from URL [jar:file:/home/alisa/Music/layered-pos-hibernate/lib/jasperreports-chart-themes-6.9.0.jar!/net/sf/jasperreports/chartthemes/spring/beans/aegeanChartPropertiesBean.xml]
Nov 26, 2019 7:33:00 AM net.sf.jasperreports.extensions.DefaultExtensionsRegistry loadRegistries
WARNING: Extension resource jar:file:/home/alisa/Music/layered-pos-hibernate/lib/jasperreports-javaflow-6.9.0%20(1).jar!/jasperreports_extension.properties was found to be a duplicate of jar:file:/home/alisa/Music/layered-pos-hibernate/lib/jasperreports-6.9.0.jar!/jasperreports_extension.properties in classloader sun.misc.Launcher$AppClassLoader@18b4aac2
Nov 26, 2019 8:22:52 AM org.hibernate.Version logVersion
INFO: HHH000412: Hibernate Core {5.4.7.Final}
Nov 26, 2019 8:22:52 AM org.hibernate.annotations.common.reflection.java.JavaReflectionManager <clinit>
INFO: HCANN000001: Hibernate Commons Annotations {5.1.0.Final}
Nov 26, 2019 8:22:52 AM org.hibernate.engine.jdbc.connections.internal.DriverManagerConnectionProviderImpl configure
WARN: HHH10001002: Using Hibernate built-in connection pool (not for production use!)
Nov 26, 2019 8:22:52 AM org.hibernate.engine.jdbc.connections.internal.DriverManagerConnectionProviderImpl buildCreator
INFO: HHH10001005: using driver [com.mysql.jdbc.Driver] at URL [jdbc:mysql://localhost:3306/LayerPOSHib?createDatabaseIfNotExist=true]
Nov 26, 2019 8:22:52 AM org.hibernate.engine.jdbc.connections.internal.DriverManagerConnectionProviderImpl buildCreator
INFO: HHH10001001: Connection properties: {user=root, password=****}
Nov 26, 2019 8:22:52 AM org.hibernate.engine.jdbc.connections.internal.DriverManagerConnectionProviderImpl buildCreator
INFO: HHH10001003: Autocommit mode: false
Nov 26, 2019 8:22:52 AM org.hibernate.engine.jdbc.connections.internal.DriverManagerConnectionProviderImpl$PooledConnections <init>
INFO: HHH000115: Hibernate connection pool size: 20 (min=1)
Nov 26, 2019 8:22:53 AM org.hibernate.dialect.Dialect <init>
INFO: HHH000400: Using dialect: org.hibernate.dialect.MySQL57Dialect
Nov 26, 2019 8:22:53 AM org.hibernate.mapping.RootClass checkCompositeIdentifier
WARN: HHH000038: Composite-id class does not override equals(): lk.ijse.dep.pos.entity.OrderDetailPK
Nov 26, 2019 8:22:53 AM org.hibernate.mapping.RootClass checkCompositeIdentifier
WARN: HHH000039: Composite-id class does not override hashCode(): lk.ijse.dep.pos.entity.OrderDetailPK
Nov 26, 2019 8:22:54 AM org.hibernate.resource.transaction.backend.jdbc.internal.DdlTransactionIsolatorNonJtaImpl getIsolatedConnection
INFO: HHH10001501: Connection obtained from JdbcConnectionAccess [org.hibernate.engine.jdbc.env.internal.JdbcEnvironmentInitiator$ConnectionProviderJdbcConnectionAccess@58934c76] for (non-JTA) DDL execution was not in auto-commit mode; the Connection 'local transaction' will be committed and the Connection will be set into auto-commit mode.
Nov 26, 2019 8:22:57 AM org.hibernate.engine.transaction.jta.platform.internal.JtaPlatformInitiator initiateService
INFO: HHH000490: Using JtaPlatform implementation: [org.hibernate.engine.transaction.jta.platform.internal.NoJtaPlatform]
Nov 26, 2019 8:24:34 AM net.sf.jasperreports.extensions.DefaultExtensionsRegistry loadRegistries
WARNING: Extension resource jar:file:/home/alisa/Desktop/My%20Project/layered-pos-hibernate/lib/jasperreports-6.9.0.jar!/jasperreports_extension.properties was found to be a duplicate of jar:file:/home/alisa/Desktop/My%20Project/layered-pos-hibernate/lib/jasperreports-javaflow-6.9.0%20(1).jar!/jasperreports_extension.properties in classloader sun.misc.Launcher$AppClassLoader@18b4aac2
Nov 26, 2019 8:24:34 AM org.springframework.beans.factory.xml.XmlBeanDefinitionReader loadBeanDefinitions
INFO: Loading XML bean definitions from URL [jar:file:/home/alisa/Desktop/My%20Project/layered-pos-hibernate/lib/jasperreports-chart-themes-6.9.0.jar!/net/sf/jasperreports/chartthemes/spring/beans/chartThemesBeans.xml]
Nov 26, 2019 8:24:34 AM org.springframework.beans.factory.xml.XmlBeanDefinitionReader loadBeanDefinitions
INFO: Loading XML bean definitions from URL [jar:file:/home/alisa/Desktop/My%20Project/layered-pos-hibernate/lib/jasperreports-chart-themes-6.9.0.jar!/net/sf/jasperreports/chartthemes/spring/beans/chartConstantsBean.xml]
Nov 26, 2019 8:24:34 AM org.springframework.beans.factory.xml.XmlBeanDefinitionReader loadBeanDefinitions
INFO: Loading XML bean definitions from URL [jar:file:/home/alisa/Desktop/My%20Project/layered-pos-hibernate/lib/jasperreports-chart-themes-6.9.0.jar!/net/sf/jasperreports/chartthemes/spring/beans/defaultChartPropertiesBean.xml]
Nov 26, 2019 8:24:34 AM org.springframework.beans.factory.xml.XmlBeanDefinitionReader loadBeanDefinitions
INFO: Loading XML bean definitions from URL [jar:file:/home/alisa/Desktop/My%20Project/layered-pos-hibernate/lib/jasperreports-chart-themes-6.9.0.jar!/net/sf/jasperreports/chartthemes/spring/beans/eyeCandySixtiesChartPropertiesBean.xml]
Nov 26, 2019 8:24:34 AM org.springframework.beans.factory.xml.XmlBeanDefinitionReader loadBeanDefinitions
INFO: Loading XML bean definitions from URL [jar:file:/home/alisa/Desktop/My%20Project/layered-pos-hibernate/lib/jasperreports-chart-themes-6.9.0.jar!/net/sf/jasperreports/chartthemes/spring/beans/aegeanChartPropertiesBean.xml]
Nov 26, 2019 8:26:02 AM org.hibernate.Version logVersion
INFO: HHH000412: Hibernate Core {5.4.7.Final}
Nov 26, 2019 8:26:02 AM org.hibernate.annotations.common.reflection.java.JavaReflectionManager <clinit>
INFO: HCANN000001: Hibernate Commons Annotations {5.1.0.Final}
Nov 26, 2019 8:26:02 AM org.hibernate.engine.jdbc.connections.internal.DriverManagerConnectionProviderImpl configure
WARN: HHH10001002: Using Hibernate built-in connection pool (not for production use!)
Nov 26, 2019 8:26:02 AM org.hibernate.engine.jdbc.connections.internal.DriverManagerConnectionProviderImpl buildCreator
INFO: HHH10001005: using driver [com.mysql.jdbc.Driver] at URL [jdbc:mysql://localhost:3306/LayerPOSHib?createDatabaseIfNotExist=true]
Nov 26, 2019 8:26:02 AM org.hibernate.engine.jdbc.connections.internal.DriverManagerConnectionProviderImpl buildCreator
INFO: HHH10001001: Connection properties: {user=root, password=****}
Nov 26, 2019 8:26:02 AM org.hibernate.engine.jdbc.connections.internal.DriverManagerConnectionProviderImpl buildCreator
INFO: HHH10001003: Autocommit mode: false
Nov 26, 2019 8:26:02 AM org.hibernate.engine.jdbc.connections.internal.DriverManagerConnectionProviderImpl$PooledConnections <init>
INFO: HHH000115: Hibernate connection pool size: 20 (min=1)
Nov 26, 2019 8:26:03 AM org.hibernate.dialect.Dialect <init>
INFO: HHH000400: Using dialect: org.hibernate.dialect.MySQL57Dialect
Nov 26, 2019 8:26:03 AM org.hibernate.mapping.RootClass checkCompositeIdentifier
WARN: HHH000038: Composite-id class does not override equals(): lk.ijse.dep.pos.entity.OrderDetailPK
Nov 26, 2019 8:26:03 AM org.hibernate.mapping.RootClass checkCompositeIdentifier
WARN: HHH000039: Composite-id class does not override hashCode(): lk.ijse.dep.pos.entity.OrderDetailPK
Nov 26, 2019 8:26:04 AM org.hibernate.resource.transaction.backend.jdbc.internal.DdlTransactionIsolatorNonJtaImpl getIsolatedConnection
INFO: HHH10001501: Connection obtained from JdbcConnectionAccess [org.hibernate.engine.jdbc.env.internal.JdbcEnvironmentInitiator$ConnectionProviderJdbcConnectionAccess@1716a05] for (non-JTA) DDL execution was not in auto-commit mode; the Connection 'local transaction' will be committed and the Connection will be set into auto-commit mode.
Nov 26, 2019 8:26:04 AM org.hibernate.engine.transaction.jta.platform.internal.JtaPlatformInitiator initiateService
INFO: HHH000490: Using JtaPlatform implementation: [org.hibernate.engine.transaction.jta.platform.internal.NoJtaPlatform]
Nov 26, 2019 8:31:45 AM org.hibernate.Version logVersion
INFO: HHH000412: Hibernate Core {5.4.7.Final}
Nov 26, 2019 8:31:45 AM org.hibernate.annotations.common.reflection.java.JavaReflectionManager <clinit>
INFO: HCANN000001: Hibernate Commons Annotations {5.1.0.Final}
Nov 26, 2019 8:31:45 AM org.hibernate.engine.jdbc.connections.internal.DriverManagerConnectionProviderImpl configure
WARN: HHH10001002: Using Hibernate built-in connection pool (not for production use!)
Nov 26, 2019 8:31:45 AM org.hibernate.engine.jdbc.connections.internal.DriverManagerConnectionProviderImpl buildCreator
INFO: HHH10001005: using driver [com.mysql.jdbc.Driver] at URL [jdbc:mysql://localhost:3306/LayerPOSHib?createDatabaseIfNotExist=true]
Nov 26, 2019 8:31:45 AM org.hibernate.engine.jdbc.connections.internal.DriverManagerConnectionProviderImpl buildCreator
INFO: HHH10001001: Connection properties: {user=root, password=****}
Nov 26, 2019 8:31:45 AM org.hibernate.engine.jdbc.connections.internal.DriverManagerConnectionProviderImpl buildCreator
INFO: HHH10001003: Autocommit mode: false
Nov 26, 2019 8:31:45 AM org.hibernate.engine.jdbc.connections.internal.DriverManagerConnectionProviderImpl$PooledConnections <init>
INFO: HHH000115: Hibernate connection pool size: 20 (min=1)
Nov 26, 2019 8:31:45 AM org.hibernate.dialect.Dialect <init>
INFO: HHH000400: Using dialect: org.hibernate.dialect.MySQL57Dialect
Nov 26, 2019 8:31:46 AM org.hibernate.mapping.RootClass checkCompositeIdentifier
WARN: HHH000038: Composite-id class does not override equals(): lk.ijse.dep.pos.entity.OrderDetailPK
Nov 26, 2019 8:31:46 AM org.hibernate.mapping.RootClass checkCompositeIdentifier
WARN: HHH000039: Composite-id class does not override hashCode(): lk.ijse.dep.pos.entity.OrderDetailPK
Nov 26, 2019 8:31:46 AM org.hibernate.resource.transaction.backend.jdbc.internal.DdlTransactionIsolatorNonJtaImpl getIsolatedConnection
INFO: HHH10001501: Connection obtained from JdbcConnectionAccess [org.hibernate.engine.jdbc.env.internal.JdbcEnvironmentInitiator$ConnectionProviderJdbcConnectionAccess@1716a05] for (non-JTA) DDL execution was not in auto-commit mode; the Connection 'local transaction' will be committed and the Connection will be set into auto-commit mode.
Nov 26, 2019 8:31:46 AM org.hibernate.engine.transaction.jta.platform.internal.JtaPlatformInitiator initiateService
INFO: HHH000490: Using JtaPlatform implementation: [org.hibernate.engine.transaction.jta.platform.internal.NoJtaPlatform]
Nov 26, 2019 8:32:31 AM net.sf.jasperreports.extensions.DefaultExtensionsRegistry loadRegistries
WARNING: Extension resource jar:file:/home/alisa/Desktop/My%20Project/layered-pos-hibernate/lib/jasperreports-6.9.0.jar!/jasperreports_extension.properties was found to be a duplicate of jar:file:/home/alisa/Desktop/My%20Project/layered-pos-hibernate/lib/jasperreports-javaflow-6.9.0%20(1).jar!/jasperreports_extension.properties in classloader sun.misc.Launcher$AppClassLoader@18b4aac2
Nov 26, 2019 8:32:31 AM org.springframework.beans.factory.xml.XmlBeanDefinitionReader loadBeanDefinitions
INFO: Loading XML bean definitions from URL [jar:file:/home/alisa/Desktop/My%20Project/layered-pos-hibernate/lib/jasperreports-chart-themes-6.9.0.jar!/net/sf/jasperreports/chartthemes/spring/beans/chartThemesBeans.xml]
Nov 26, 2019 8:32:31 AM org.springframework.beans.factory.xml.XmlBeanDefinitionReader loadBeanDefinitions
INFO: Loading XML bean definitions from URL [jar:file:/home/alisa/Desktop/My%20Project/layered-pos-hibernate/lib/jasperreports-chart-themes-6.9.0.jar!/net/sf/jasperreports/chartthemes/spring/beans/chartConstantsBean.xml]
Nov 26, 2019 8:32:31 AM org.springframework.beans.factory.xml.XmlBeanDefinitionReader loadBeanDefinitions
INFO: Loading XML bean definitions from URL [jar:file:/home/alisa/Desktop/My%20Project/layered-pos-hibernate/lib/jasperreports-chart-themes-6.9.0.jar!/net/sf/jasperreports/chartthemes/spring/beans/defaultChartPropertiesBean.xml]
Nov 26, 2019 8:32:31 AM org.springframework.beans.factory.xml.XmlBeanDefinitionReader loadBeanDefinitions
INFO: Loading XML bean definitions from URL [jar:file:/home/alisa/Desktop/My%20Project/layered-pos-hibernate/lib/jasperreports-chart-themes-6.9.0.jar!/net/sf/jasperreports/chartthemes/spring/beans/eyeCandySixtiesChartPropertiesBean.xml]
Nov 26, 2019 8:32:31 AM org.springframework.beans.factory.xml.XmlBeanDefinitionReader loadBeanDefinitions
INFO: Loading XML bean definitions from URL [jar:file:/home/alisa/Desktop/My%20Project/layered-pos-hibernate/lib/jasperreports-chart-themes-6.9.0.jar!/net/sf/jasperreports/chartthemes/spring/beans/aegeanChartPropertiesBean.xml]
Nov 26, 2019 8:34:30 AM org.hibernate.Version logVersion
INFO: HHH000412: Hibernate Core {5.4.7.Final}
Nov 26, 2019 8:34:30 AM org.hibernate.annotations.common.reflection.java.JavaReflectionManager <clinit>
INFO: HCANN000001: Hibernate Commons Annotations {5.1.0.Final}
Nov 26, 2019 8:34:30 AM org.hibernate.engine.jdbc.connections.internal.DriverManagerConnectionProviderImpl configure
WARN: HHH10001002: Using Hibernate built-in connection pool (not for production use!)
Nov 26, 2019 8:34:30 AM org.hibernate.engine.jdbc.connections.internal.DriverManagerConnectionProviderImpl buildCreator
INFO: HHH10001005: using driver [com.mysql.jdbc.Driver] at URL [jdbc:mysql://localhost:3306/LayerPOSHib?createDatabaseIfNotExist=true]
Nov 26, 2019 8:34:30 AM org.hibernate.engine.jdbc.connections.internal.DriverManagerConnectionProviderImpl buildCreator
INFO: HHH10001001: Connection properties: {user=root, password=****}
Nov 26, 2019 8:34:30 AM org.hibernate.engine.jdbc.connections.internal.DriverManagerConnectionProviderImpl buildCreator
INFO: HHH10001003: Autocommit mode: false
Nov 26, 2019 8:34:30 AM org.hibernate.engine.jdbc.connections.internal.DriverManagerConnectionProviderImpl$PooledConnections <init>
INFO: HHH000115: Hibernate connection pool size: 20 (min=1)
Nov 26, 2019 8:34:30 AM org.hibernate.dialect.Dialect <init>
INFO: HHH000400: Using dialect: org.hibernate.dialect.MySQL57Dialect
Nov 26, 2019 8:34:31 AM org.hibernate.mapping.RootClass checkCompositeIdentifier
WARN: HHH000038: Composite-id class does not override equals(): lk.ijse.dep.pos.entity.OrderDetailPK
Nov 26, 2019 8:34:31 AM org.hibernate.mapping.RootClass checkCompositeIdentifier
WARN: HHH000039: Composite-id class does not override hashCode(): lk.ijse.dep.pos.entity.OrderDetailPK
Nov 26, 2019 8:34:32 AM org.hibernate.resource.transaction.backend.jdbc.internal.DdlTransactionIsolatorNonJtaImpl getIsolatedConnection
INFO: HHH10001501: Connection obtained from JdbcConnectionAccess [org.hibernate.engine.jdbc.env.internal.JdbcEnvironmentInitiator$ConnectionProviderJdbcConnectionAccess@25f953be] for (non-JTA) DDL execution was not in auto-commit mode; the Connection 'local transaction' will be committed and the Connection will be set into auto-commit mode.
Nov 26, 2019 8:34:32 AM org.hibernate.engine.transaction.jta.platform.internal.JtaPlatformInitiator initiateService
INFO: HHH000490: Using JtaPlatform implementation: [org.hibernate.engine.transaction.jta.platform.internal.NoJtaPlatform]
Nov 26, 2019 8:35:08 AM net.sf.jasperreports.extensions.DefaultExtensionsRegistry loadRegistries
WARNING: Extension resource jar:file:/home/alisa/Desktop/My%20Project/layered-pos-hibernate/lib/jasperreports-6.9.0.jar!/jasperreports_extension.properties was found to be a duplicate of jar:file:/home/alisa/Desktop/My%20Project/layered-pos-hibernate/lib/jasperreports-javaflow-6.9.0%20(1).jar!/jasperreports_extension.properties in classloader sun.misc.Launcher$AppClassLoader@18b4aac2
Nov 26, 2019 8:35:08 AM org.springframework.beans.factory.xml.XmlBeanDefinitionReader loadBeanDefinitions
INFO: Loading XML bean definitions from URL [jar:file:/home/alisa/Desktop/My%20Project/layered-pos-hibernate/lib/jasperreports-chart-themes-6.9.0.jar!/net/sf/jasperreports/chartthemes/spring/beans/chartThemesBeans.xml]
Nov 26, 2019 8:35:08 AM org.springframework.beans.factory.xml.XmlBeanDefinitionReader loadBeanDefinitions
INFO: Loading XML bean definitions from URL [jar:file:/home/alisa/Desktop/My%20Project/layered-pos-hibernate/lib/jasperreports-chart-themes-6.9.0.jar!/net/sf/jasperreports/chartthemes/spring/beans/chartConstantsBean.xml]
Nov 26, 2019 8:35:08 AM org.springframework.beans.factory.xml.XmlBeanDefinitionReader loadBeanDefinitions
INFO: Loading XML bean definitions from URL [jar:file:/home/alisa/Desktop/My%20Project/layered-pos-hibernate/lib/jasperreports-chart-themes-6.9.0.jar!/net/sf/jasperreports/chartthemes/spring/beans/defaultChartPropertiesBean.xml]
Nov 26, 2019 8:35:08 AM org.springframework.beans.factory.xml.XmlBeanDefinitionReader loadBeanDefinitions
INFO: Loading XML bean definitions from URL [jar:file:/home/alisa/Desktop/My%20Project/layered-pos-hibernate/lib/jasperreports-chart-themes-6.9.0.jar!/net/sf/jasperreports/chartthemes/spring/beans/eyeCandySixtiesChartPropertiesBean.xml]
Nov 26, 2019 8:35:08 AM org.springframework.beans.factory.xml.XmlBeanDefinitionReader loadBeanDefinitions
INFO: Loading XML bean definitions from URL [jar:file:/home/alisa/Desktop/My%20Project/layered-pos-hibernate/lib/jasperreports-chart-themes-6.9.0.jar!/net/sf/jasperreports/chartthemes/spring/beans/aegeanChartPropertiesBean.xml]
Dec 03, 2019 2:46:13 PM org.hibernate.Version logVersion
INFO: HHH000412: Hibernate Core {5.4.7.Final}
Dec 03, 2019 2:46:14 PM org.hibernate.annotations.common.reflection.java.JavaReflectionManager <clinit>
INFO: HCANN000001: Hibernate Commons Annotations {5.1.0.Final}
Dec 03, 2019 2:46:15 PM org.hibernate.engine.jdbc.connections.internal.DriverManagerConnectionProviderImpl configure
WARN: HHH10001002: Using Hibernate built-in connection pool (not for production use!)
Dec 03, 2019 2:46:15 PM org.hibernate.engine.jdbc.connections.internal.DriverManagerConnectionProviderImpl buildCreator
INFO: HHH10001005: using driver [com.mysql.jdbc.Driver] at URL [jdbc:mysql://localhost:3306/LayerPOSHib?createDatabaseIfNotExist=true]
Dec 03, 2019 2:46:15 PM org.hibernate.engine.jdbc.connections.internal.DriverManagerConnectionProviderImpl buildCreator
INFO: HHH10001001: Connection properties: {user=root, password=****}
Dec 03, 2019 2:46:15 PM org.hibernate.engine.jdbc.connections.internal.DriverManagerConnectionProviderImpl buildCreator
INFO: HHH10001003: Autocommit mode: false
Dec 03, 2019 2:46:15 PM org.hibernate.engine.jdbc.connections.internal.DriverManagerConnectionProviderImpl$PooledConnections <init>
INFO: HHH000115: Hibernate connection pool size: 20 (min=1)
Dec 03, 2019 2:46:15 PM org.hibernate.dialect.Dialect <init>
INFO: HHH000400: Using dialect: org.hibernate.dialect.MySQL57Dialect
Dec 03, 2019 2:46:16 PM org.hibernate.mapping.RootClass checkCompositeIdentifier
WARN: HHH000038: Composite-id class does not override equals(): lk.ijse.dep.pos.entity.OrderDetailPK
Dec 03, 2019 2:46:16 PM org.hibernate.mapping.RootClass checkCompositeIdentifier
WARN: HHH000039: Composite-id class does not override hashCode(): lk.ijse.dep.pos.entity.OrderDetailPK
Dec 03, 2019 2:46:16 PM org.hibernate.resource.transaction.backend.jdbc.internal.DdlTransactionIsolatorNonJtaImpl getIsolatedConnection
INFO: HHH10001501: Connection obtained from JdbcConnectionAccess [org.hibernate.engine.jdbc.env.internal.JdbcEnvironmentInitiator$ConnectionProviderJdbcConnectionAccess@1716a05] for (non-JTA) DDL execution was not in auto-commit mode; the Connection 'local transaction' will be committed and the Connection will be set into auto-commit mode.
Dec 03, 2019 2:46:16 PM org.hibernate.engine.transaction.jta.platform.internal.JtaPlatformInitiator initiateService
INFO: HHH000490: Using JtaPlatform implementation: [org.hibernate.engine.transaction.jta.platform.internal.NoJtaPlatform]
Dec 03, 2019 2:46:35 PM org.hibernate.engine.jdbc.connections.internal.DriverManagerConnectionProviderImpl$PoolState stop
INFO: HHH10001008: Cleaning up connection pool [jdbc:mysql://localhost:3306/LayerPOSHib?createDatabaseIfNotExist=true]
